INFO    : PreTeXt project found in `/Users/slaverty/GitHub/IBD`.
WARNING : Using CLI version 1.7.5 but project's `requirements.txt`
WARNING : is configured to use 2.0.3. Consider either installing
WARNING : CLI version 2.0.3 or changing `requirements.txt` to match 1.7.5.
INFO    : Deploying `web` to `docs`.
INFO    : Preparing to deploy from active `main` git branch.
INFO    : 
INFO    : Changes to project source since last commit detected.
INFO    : Add/committing these changes to local Git repository.
INFO    : 
INFO    : Committing your latest build to the `gh-pages` branch.
INFO    : 
INFO    : Attempting to connect to remote repository at `https://github.com/seanteachesmath/IBD.git`...
INFO    : 
INFO    : 
INFO    : Latest build successfully pushed to GitHub!
INFO    : 
INFO    : To enable GitHub Pages, visit
INFO    :     https://github.com/seanteachesmath/IBD/settings/pages
INFO    : selecting the `gh-pages` branch with the `/ (root)` folder.
INFO    : 
INFO    : Visit
INFO    :     https://github.com/seanteachesmath/IBD/actions/
INFO    : to check on the status of your GitHub Pages deployment.
INFO    : 
INFO    : Your built project will soon be available to the public at:
INFO    :     https://seanteachesmath.github.io/IBD/
