INFO    : PreTeXt project found in `/Users/seanlaverty/GitHub/IBD`.
INFO    : Preparing to build into /Users/seanlaverty/GitHub/IBD/output/web.
INFO    : discovering source file's directory name: /Users/seanlaverty/GitHub/IBD/source
INFO    : verifying and expanding input directory: /Users/seanlaverty/GitHub/IBD/source/../generated-assets
INFO    : input directory expanded to absolute path: /Users/seanlaverty/GitHub/IBD/generated-assets
INFO    : verifying and expanding input directory: /Users/seanlaverty/GitHub/IBD/source/../assets
INFO    : input directory expanded to absolute path: /Users/seanlaverty/GitHub/IBD/assets
INFO    : Runestone Services (via PreTeXt repository): version 7.1.2
INFO    : Runestone Services (using newer, via online CDN query): version 7.1.7
INFO    : converting /Users/seanlaverty/GitHub/IBD/source/main.ptx to HTML in /var/folders/cv/57f7pbds3y7_pq476q9b438r0000gn/T/tmpgz6huvv7
INFO    : XSL conversion of /Users/seanlaverty/GitHub/IBD/source/main.ptx by /Users/seanlaverty/.ptx/xsl/pretext-html.xsl
INFO    : comprehensive messages, warnings, and errors:
INFO    :     * PTX:ERROR: the @xml:id value "ex-real-distinct-same" should be unique, but is authored 2 times.
INFO    :     *            Results will be unpredictable, and likely incorrect.  Information on the locations follows:
INFO    :     *              located within: "ex-real-distinct-same" (xml:id)
INFO    :     *              located within: "ex-real-distinct-same" (xml:id), "Real and distinct eigenvalues of same sign" (title)
INFO    :     * PTX:WARNING: A section containing subsections needs to have other content inside an <introduction> and/or  <conclusion>.
INFO    :     *              located within: "systems-intro" (xml:id), "Introduction to 2D
systems" (title)
INFO    :     * PTX:ERROR:   a cross-reference ("xref") uses references [ex-real-distinct] that do not point to any target, or perhaps point to multiple targets.  Maybe you typed an @xml:id value wrong, maybe the target of the @xml:id is nonexistent, or maybe you temporarily removed the target from your source, or maybe an auxiliary file contains a duplicate.  Your output will contain some placeholder text that you will not want to distribute to your readers.
INFO    :     *              located within: "subsec-real-distinct-opposite" (xml:id), "Real and distinct eigenvalues of opposite sign" (title)
INFO    :     * PTX:ERROR:   a cross-reference ("xref") uses references [ex-real-distinct] that do not point to any target, or perhaps point to multiple targets.  Maybe you typed an @xml:id value wrong, maybe the target of the @xml:id is nonexistent, or maybe you temporarily removed the target from your source, or maybe an auxiliary file contains a duplicate.  Your output will contain some placeholder text that you will not want to distribute to your readers.
INFO    :     *              located within: "subsec-real-distinct-opposite" (xml:id), "Real and distinct eigenvalues of opposite sign" (title)
INFO    : successful application of /Users/seanlaverty/.ptx/xsl/pretext-html.xsl
CRITICAL: ID ex-real-distinct-same already defined, line 178, column 42 (systems.ptx, line 178)
INFO    : ------------------------
INFO    : While running pretext, the following errors occurred:

